# JRE version: OpenJDK Runtime Environment (Zulu 8.68.0.21-CA-macosx) (8.0_362-b09) (build 1.8.0_362-b09)
# Java VM: OpenJDK 64-Bit Server VM (25.362-b09 mixed mode bsd-amd64 compressed oops)
Heap:
 PSYoungGen      total 512000K, used 94373K [0x0000000740000000, 0x0000000762e80000, 0x00000007c0000000)
  eden space 484864K, 13% used [0x0000000740000000,0x0000000744204138,0x000000075d980000)
  from space 27136K, 98% used [0x000000075eb00000,0x0000000760525378,0x0000000760580000)
  to   space 41984K, 0% used [0x0000000760580000,0x0000000760580000,0x0000000762e80000)
 ParOldGen       total 699392K, used 43001K [0x0000000640000000, 0x000000066ab00000, 0x0000000740000000)
  object space 699392K, 6% used [0x0000000640000000,0x00000006429fe6c0,0x000000066ab00000)
 Metaspace       used 27581K, capacity 27928K, committed 28288K, reserved 1073152K
  class space    used 3477K, capacity 3612K, committed 3712K, reserved 1048576K
GC Heap History (10 events):
Event: 6.950 GC heap before
{Heap before GC invocations=3 (full 1):
 PSYoungGen      total 305664K, used 262144K [0x0000000740000000, 0x0000000755500000, 0x00000007c0000000)
  eden space 262144K, 100% used [0x0000000740000000,0x0000000750000000,0x0000000750000000)
  from space 43520K, 0% used [0x0000000750000000,0x0000000750000000,0x0000000752a80000)
  to   space 43520K, 0% used [0x0000000752a80000,0x0000000752a80000,0x0000000755500000)
 ParOldGen       total 699392K, used 5580K [0x0000000640000000, 0x000000066ab00000, 0x0000000740000000)
  object space 699392K, 0% used [0x0000000640000000,0x0000000640573040,0x000000066ab00000)
 Metaspace       used 18672K, capacity 18984K, committed 19200K, reserved 1067008K
  class space    used 2169K, capacity 2268K, committed 2304K, reserved 1048576K
Event: 6.976 GC heap after
Heap after GC invocations=3 (full 1):
 PSYoungGen      total 305664K, used 36718K [0x0000000740000000, 0x0000000765500000, 0x00000007c0000000)
  eden space 262144K, 0% used [0x0000000740000000,0x0000000740000000,0x0000000750000000)
  from space 43520K, 84% used [0x0000000752a80000,0x0000000754e5ba48,0x0000000755500000)
  to   space 43520K, 0% used [0x0000000750000000,0x0000000750000000,0x0000000752a80000)
 ParOldGen       total 699392K, used 5588K [0x0000000640000000, 0x000000066ab00000, 0x0000000740000000)
  object space 699392K, 0% used [0x0000000640000000,0x0000000640575040,0x000000066ab00000)
 Metaspace       used 18672K, capacity 18984K, committed 19200K, reserved 1067008K
  class space    used 2169K, capacity 2268K, committed 2304K, reserved 1048576K
}
Event: 7.470 GC heap before
{Heap before GC invocations=4 (full 1):
 PSYoungGen      total 305664K, used 234657K [0x0000000740000000, 0x0000000765500000, 0x00000007c0000000)
  eden space 262144K, 75% used [0x0000000740000000,0x000000074c14ca18,0x0000000750000000)
  from space 43520K, 84% used [0x0000000752a80000,0x0000000754e5ba48,0x0000000755500000)
  to   space 43520K, 0% used [0x0000000750000000,0x0000000750000000,0x0000000752a80000)
 ParOldGen       total 699392K, used 5588K [0x0000000640000000, 0x000000066ab00000, 0x0000000740000000)
  object space 699392K, 0% used [0x0000000640000000,0x0000000640575040,0x000000066ab00000)
 Metaspace       used 20801K, capacity 21108K, committed 21248K, reserved 1069056K
  class space    used 2410K, capacity 2554K, committed 2560K, reserved 1048576K
Event: 7.486 GC heap after
Heap after GC invocations=4 (full 1):
 PSYoungGen      total 305664K, used 41008K [0x0000000740000000, 0x0000000765500000, 0x00000007c0000000)
  eden space 262144K, 0% used [0x0000000740000000,0x0000000740000000,0x0000000750000000)
  from space 43520K, 94% used [0x0000000750000000,0x000000075280c078,0x0000000752a80000)
  to   space 43520K, 0% used [0x0000000762a80000,0x0000000762a80000,0x0000000765500000)
 ParOldGen       total 699392K, used 5596K [0x0000000640000000, 0x000000066ab00000, 0x0000000740000000)
  object space 699392K, 0% used [0x0000000640000000,0x0000000640577040,0x000000066ab00000)
 Metaspace       used 20801K, capacity 21108K, committed 21248K, reserved 1069056K
  class space    used 2410K, capacity 2554K, committed 2560K, reserved 1048576K
}
Event: 7.486 GC heap before
{Heap before GC invocations=5 (full 2):
 PSYoungGen      total 305664K, used 41008K [0x0000000740000000, 0x0000000765500000, 0x00000007c0000000)
  eden space 262144K, 0% used [0x0000000740000000,0x0000000740000000,0x0000000750000000)
  from space 43520K, 94% used [0x0000000750000000,0x000000075280c078,0x0000000752a80000)
  to   space 43520K, 0% used [0x0000000762a80000,0x0000000762a80000,0x0000000765500000)
 ParOldGen       total 699392K, used 5596K [0x0000000640000000, 0x000000066ab00000, 0x0000000740000000)
  object space 699392K, 0% used [0x0000000640000000,0x0000000640577040,0x000000066ab00000)
 Metaspace       used 20801K, capacity 21108K, committed 21248K, reserved 1069056K
  class space    used 2410K, capacity 2554K, committed 2560K, reserved 1048576K
Event: 7.546 GC heap after
Heap after GC invocations=5 (full 2):
 PSYoungGen      total 305664K, used 0K [0x0000000740000000, 0x0000000765500000, 0x00000007c0000000)
  eden space 262144K, 0% used [0x0000000740000000,0x0000000740000000,0x0000000750000000)
  from space 43520K, 0% used [0x0000000750000000,0x0000000750000000,0x0000000752a80000)
  to   space 43520K, 0% used [0x0000000762a80000,0x0000000762a80000,0x0000000765500000)
 ParOldGen       total 699392K, used 42985K [0x0000000640000000, 0x000000066ab00000, 0x0000000740000000)
  object space 699392K, 6% used [0x0000000640000000,0x00000006429fa6c0,0x000000066ab00000)
 Metaspace       used 20801K, capacity 21108K, committed 21248K, reserved 1069056K
  class space    used 2410K, capacity 2554K, committed 2560K, reserved 1048576K
}
Event: 10.780 GC heap before
{Heap before GC invocations=6 (full 2):
 PSYoungGen      total 305664K, used 262144K [0x0000000740000000, 0x0000000765500000, 0x00000007c0000000)
  eden space 262144K, 100% used [0x0000000740000000,0x0000000750000000,0x0000000750000000)
  from space 43520K, 0% used [0x0000000750000000,0x0000000750000000,0x0000000752a80000)
  to   space 43520K, 0% used [0x0000000762a80000,0x0000000762a80000,0x0000000765500000)
 ParOldGen       total 699392K, used 42985K [0x0000000640000000, 0x000000066ab00000, 0x0000000740000000)
  object space 699392K, 6% used [0x0000000640000000,0x00000006429fa6c0,0x000000066ab00000)
 Metaspace       used 23707K, capacity 24056K, committed 24192K, reserved 1071104K
  class space    used 2800K, capacity 2940K, committed 2944K, reserved 1048576K
Event: 10.792 GC heap after
Heap after GC invocations=6 (full 2):
 PSYoungGen      total 378368K, used 21704K [0x0000000740000000, 0x0000000764000000, 0x00000007c0000000)
  eden space 356352K, 0% used [0x0000000740000000,0x0000000740000000,0x0000000755c00000)
  from space 22016K, 98% used [0x0000000762a80000,0x0000000763fb2150,0x0000000764000000)
  to   space 43520K, 0% used [0x000000075eb00000,0x000000075eb00000,0x0000000761580000)
 ParOldGen       total 699392K, used 42993K [0x0000000640000000, 0x000000066ab00000, 0x0000000740000000)
  object space 699392K, 6% used [0x0000000640000000,0x00000006429fc6c0,0x000000066ab00000)
 Metaspace       used 23707K, capacity 24056K, committed 24192K, reserved 1071104K
  class space    used 2800K, capacity 2940K, committed 2944K, reserved 1048576K
}
Event: 11.435 GC heap before
{Heap before GC invocations=7 (full 2):
 PSYoungGen      total 378368K, used 378056K [0x0000000740000000, 0x0000000764000000, 0x00000007c0000000)
  eden space 356352K, 100% used [0x0000000740000000,0x0000000755c00000,0x0000000755c00000)
  from space 22016K, 98% used [0x0000000762a80000,0x0000000763fb2150,0x0000000764000000)
  to   space 43520K, 0% used [0x000000075eb00000,0x000000075eb00000,0x0000000761580000)
 ParOldGen       total 699392K, used 42993K [0x0000000640000000, 0x000000066ab00000, 0x0000000740000000)
  object space 699392K, 6% used [0x0000000640000000,0x00000006429fc6c0,0x000000066ab00000)
 Metaspace       used 26290K, capacity 26616K, committed 26752K, reserved 1073152K
  class space    used 3329K, capacity 3452K, committed 3456K, reserved 1048576K
Event: 11.447 GC heap after
Heap after GC invocations=7 (full 2):
 PSYoungGen      total 512000K, used 26772K [0x0000000740000000, 0x0000000762e80000, 0x00000007c0000000)
  eden space 484864K, 0% used [0x0000000740000000,0x0000000740000000,0x000000075d980000)
  from space 27136K, 98% used [0x000000075eb00000,0x0000000760525378,0x0000000760580000)
  to   space 41984K, 0% used [0x0000000760580000,0x0000000760580000,0x0000000762e80000)
 ParOldGen       total 699392K, used 43001K [0x0000000640000000, 0x000000066ab00000, 0x0000000740000000)
  object space 699392K, 6% used [0x0000000640000000,0x00000006429fe6c0,0x000000066ab00000)
 Metaspace       used 26290K, capacity 26616K, committed 26752K, reserved 1073152K
  class space    used 3329K, capacity 3452K, committed 3456K, reserved 1048576K
}

