# JRE version: OpenJDK Runtime Environment (Zulu 8.68.0.21-CA-macosx) (8.0_362-b09) (build 1.8.0_362-b09)
# Java VM: OpenJDK 64-Bit Server VM (25.362-b09 mixed mode bsd-amd64 compressed oops)
Heap:
 PSYoungGen      total 468480K, used 115003K [0x0000000740000000, 0x0000000762b00000, 0x00000007c0000000)
  eden space 442368K, 20% used [0x0000000740000000,0x00000007456d5eb0,0x000000075b000000)
  from space 26112K, 99% used [0x000000075eb00000,0x0000000760479128,0x0000000760480000)
  to   space 39424K, 0% used [0x0000000760480000,0x0000000760480000,0x0000000762b00000)
 ParOldGen       total 699392K, used 42797K [0x0000000640000000, 0x000000066ab00000, 0x0000000740000000)
  object space 699392K, 6% used [0x0000000640000000,0x00000006429cb508,0x000000066ab00000)
 Metaspace       used 27619K, capacity 27992K, committed 28288K, reserved 1073152K
  class space    used 3478K, capacity 3612K, committed 3712K, reserved 1048576K
GC Heap History (10 events):
Event: 2.632 GC heap before
{Heap before GC invocations=3 (full 1):
 PSYoungGen      total 305664K, used 262144K [0x0000000740000000, 0x0000000755500000, 0x00000007c0000000)
  eden space 262144K, 100% used [0x0000000740000000,0x0000000750000000,0x0000000750000000)
  from space 43520K, 0% used [0x0000000750000000,0x0000000750000000,0x0000000752a80000)
  to   space 43520K, 0% used [0x0000000752a80000,0x0000000752a80000,0x0000000755500000)
 ParOldGen       total 699392K, used 5580K [0x0000000640000000, 0x000000066ab00000, 0x0000000740000000)
  object space 699392K, 0% used [0x0000000640000000,0x0000000640573008,0x000000066ab00000)
 Metaspace       used 18708K, capacity 18984K, committed 19200K, reserved 1067008K
  class space    used 2170K, capacity 2268K, committed 2304K, reserved 1048576K
Event: 2.659 GC heap after
Heap after GC invocations=3 (full 1):
 PSYoungGen      total 305664K, used 37296K [0x0000000740000000, 0x0000000765500000, 0x00000007c0000000)
  eden space 262144K, 0% used [0x0000000740000000,0x0000000740000000,0x0000000750000000)
  from space 43520K, 85% used [0x0000000752a80000,0x0000000754eec308,0x0000000755500000)
  to   space 43520K, 0% used [0x0000000750000000,0x0000000750000000,0x0000000752a80000)
 ParOldGen       total 699392K, used 5588K [0x0000000640000000, 0x000000066ab00000, 0x0000000740000000)
  object space 699392K, 0% used [0x0000000640000000,0x0000000640575008,0x000000066ab00000)
 Metaspace       used 18708K, capacity 18984K, committed 19200K, reserved 1067008K
  class space    used 2170K, capacity 2268K, committed 2304K, reserved 1048576K
}
Event: 3.474 GC heap before
{Heap before GC invocations=4 (full 1):
 PSYoungGen      total 305664K, used 237282K [0x0000000740000000, 0x0000000765500000, 0x00000007c0000000)
  eden space 262144K, 76% used [0x0000000740000000,0x000000074c34c738,0x0000000750000000)
  from space 43520K, 85% used [0x0000000752a80000,0x0000000754eec308,0x0000000755500000)
  to   space 43520K, 0% used [0x0000000750000000,0x0000000750000000,0x0000000752a80000)
 ParOldGen       total 699392K, used 5588K [0x0000000640000000, 0x000000066ab00000, 0x0000000740000000)
  object space 699392K, 0% used [0x0000000640000000,0x0000000640575008,0x000000066ab00000)
 Metaspace       used 20832K, capacity 21172K, committed 21248K, reserved 1069056K
  class space    used 2410K, capacity 2554K, committed 2560K, reserved 1048576K
Event: 3.494 GC heap after
Heap after GC invocations=4 (full 1):
 PSYoungGen      total 305664K, used 40771K [0x0000000740000000, 0x0000000765500000, 0x00000007c0000000)
  eden space 262144K, 0% used [0x0000000740000000,0x0000000740000000,0x0000000750000000)
  from space 43520K, 93% used [0x0000000750000000,0x00000007527d0d78,0x0000000752a80000)
  to   space 43520K, 0% used [0x0000000762a80000,0x0000000762a80000,0x0000000765500000)
 ParOldGen       total 699392K, used 5596K [0x0000000640000000, 0x000000066ab00000, 0x0000000740000000)
  object space 699392K, 0% used [0x0000000640000000,0x0000000640577008,0x000000066ab00000)
 Metaspace       used 20832K, capacity 21172K, committed 21248K, reserved 1069056K
  class space    used 2410K, capacity 2554K, committed 2560K, reserved 1048576K
}
Event: 3.494 GC heap before
{Heap before GC invocations=5 (full 2):
 PSYoungGen      total 305664K, used 40771K [0x0000000740000000, 0x0000000765500000, 0x00000007c0000000)
  eden space 262144K, 0% used [0x0000000740000000,0x0000000740000000,0x0000000750000000)
  from space 43520K, 93% used [0x0000000750000000,0x00000007527d0d78,0x0000000752a80000)
  to   space 43520K, 0% used [0x0000000762a80000,0x0000000762a80000,0x0000000765500000)
 ParOldGen       total 699392K, used 5596K [0x0000000640000000, 0x000000066ab00000, 0x0000000740000000)
  object space 699392K, 0% used [0x0000000640000000,0x0000000640577008,0x000000066ab00000)
 Metaspace       used 20832K, capacity 21172K, committed 21248K, reserved 1069056K
  class space    used 2410K, capacity 2554K, committed 2560K, reserved 1048576K
Event: 3.580 GC heap after
Heap after GC invocations=5 (full 2):
 PSYoungGen      total 305664K, used 0K [0x0000000740000000, 0x0000000765500000, 0x00000007c0000000)
  eden space 262144K, 0% used [0x0000000740000000,0x0000000740000000,0x0000000750000000)
  from space 43520K, 0% used [0x0000000750000000,0x0000000750000000,0x0000000752a80000)
  to   space 43520K, 0% used [0x0000000762a80000,0x0000000762a80000,0x0000000765500000)
 ParOldGen       total 699392K, used 42781K [0x0000000640000000, 0x000000066ab00000, 0x0000000740000000)
  object space 699392K, 6% used [0x0000000640000000,0x00000006429c7508,0x000000066ab00000)
 Metaspace       used 20832K, capacity 21172K, committed 21248K, reserved 1069056K
  class space    used 2410K, capacity 2554K, committed 2560K, reserved 1048576K
}
Event: 41.132 GC heap before
{Heap before GC invocations=6 (full 2):
 PSYoungGen      total 305664K, used 262144K [0x0000000740000000, 0x0000000765500000, 0x00000007c0000000)
  eden space 262144K, 100% used [0x0000000740000000,0x0000000750000000,0x0000000750000000)
  from space 43520K, 0% used [0x0000000750000000,0x0000000750000000,0x0000000752a80000)
  to   space 43520K, 0% used [0x0000000762a80000,0x0000000762a80000,0x0000000765500000)
 ParOldGen       total 699392K, used 42781K [0x0000000640000000, 0x000000066ab00000, 0x0000000740000000)
  object space 699392K, 6% used [0x0000000640000000,0x00000006429c7508,0x000000066ab00000)
 Metaspace       used 23766K, capacity 24120K, committed 24192K, reserved 1071104K
  class space    used 2807K, capacity 2940K, committed 2944K, reserved 1048576K
Event: 41.144 GC heap after
Heap after GC invocations=6 (full 2):
 PSYoungGen      total 363008K, used 21837K [0x0000000740000000, 0x0000000764000000, 0x00000007c0000000)
  eden space 340992K, 0% used [0x0000000740000000,0x0000000740000000,0x0000000754d00000)
  from space 22016K, 99% used [0x0000000762a80000,0x0000000763fd3548,0x0000000764000000)
  to   space 43520K, 0% used [0x000000075eb00000,0x000000075eb00000,0x0000000761580000)
 ParOldGen       total 699392K, used 42789K [0x0000000640000000, 0x000000066ab00000, 0x0000000740000000)
  object space 699392K, 6% used [0x0000000640000000,0x00000006429c9508,0x000000066ab00000)
 Metaspace       used 23766K, capacity 24120K, committed 24192K, reserved 1071104K
  class space    used 2807K, capacity 2940K, committed 2944K, reserved 1048576K
}
Event: 42.245 GC heap before
{Heap before GC invocations=7 (full 2):
 PSYoungGen      total 363008K, used 362829K [0x0000000740000000, 0x0000000764000000, 0x00000007c0000000)
  eden space 340992K, 100% used [0x0000000740000000,0x0000000754d00000,0x0000000754d00000)
  from space 22016K, 99% used [0x0000000762a80000,0x0000000763fd3548,0x0000000764000000)
  to   space 43520K, 0% used [0x000000075eb00000,0x000000075eb00000,0x0000000761580000)
 ParOldGen       total 699392K, used 42789K [0x0000000640000000, 0x000000066ab00000, 0x0000000740000000)
  object space 699392K, 6% used [0x0000000640000000,0x00000006429c9508,0x000000066ab00000)
 Metaspace       used 26215K, capacity 26616K, committed 26752K, reserved 1073152K
  class space    used 3310K, capacity 3452K, committed 3456K, reserved 1048576K
Event: 42.259 GC heap after
Heap after GC invocations=7 (full 2):
 PSYoungGen      total 468480K, used 26084K [0x0000000740000000, 0x0000000762b00000, 0x00000007c0000000)
  eden space 442368K, 0% used [0x0000000740000000,0x0000000740000000,0x000000075b000000)
  from space 26112K, 99% used [0x000000075eb00000,0x0000000760479128,0x0000000760480000)
  to   space 39424K, 0% used [0x0000000760480000,0x0000000760480000,0x0000000762b00000)
 ParOldGen       total 699392K, used 42797K [0x0000000640000000, 0x000000066ab00000, 0x0000000740000000)
  object space 699392K, 6% used [0x0000000640000000,0x00000006429cb508,0x000000066ab00000)
 Metaspace       used 26215K, capacity 26616K, committed 26752K, reserved 1073152K
  class space    used 3310K, capacity 3452K, committed 3456K, reserved 1048576K
}

