# JRE version: OpenJDK Runtime Environment (Zulu 8.68.0.21-CA-macosx) (8.0_362-b09) (build 1.8.0_362-b09)
# Java VM: OpenJDK 64-Bit Server VM (25.362-b09 mixed mode bsd-amd64 compressed oops)
Heap:
 PSYoungGen      total 545792K, used 79653K [0x0000000740000000, 0x0000000765a00000, 0x00000007c0000000)
  eden space 502272K, 10% used [0x0000000740000000,0x00000007433a5450,0x000000075ea80000)
  from space 43520K, 61% used [0x000000075ea80000,0x00000007604a42b8,0x0000000761500000)
  to   space 43520K, 0% used [0x0000000762f80000,0x0000000762f80000,0x0000000765a00000)
 ParOldGen       total 699392K, used 43290K [0x0000000640000000, 0x000000066ab00000, 0x0000000740000000)
  object space 699392K, 6% used [0x0000000640000000,0x0000000642a46b78,0x000000066ab00000)
 Metaspace       used 27594K, capacity 27928K, committed 28288K, reserved 1073152K
  class space    used 3478K, capacity 3612K, committed 3712K, reserved 1048576K
GC Heap History (10 events):
Event: 2.925 GC heap before
{Heap before GC invocations=3 (full 1):
 PSYoungGen      total 305664K, used 262144K [0x0000000740000000, 0x0000000755500000, 0x00000007c0000000)
  eden space 262144K, 100% used [0x0000000740000000,0x0000000750000000,0x0000000750000000)
  from space 43520K, 0% used [0x0000000750000000,0x0000000750000000,0x0000000752a80000)
  to   space 43520K, 0% used [0x0000000752a80000,0x0000000752a80000,0x0000000755500000)
 ParOldGen       total 699392K, used 5579K [0x0000000640000000, 0x000000066ab00000, 0x0000000740000000)
  object space 699392K, 0% used [0x0000000640000000,0x0000000640572d20,0x000000066ab00000)
 Metaspace       used 18684K, capacity 18984K, committed 19200K, reserved 1067008K
  class space    used 2171K, capacity 2268K, committed 2304K, reserved 1048576K
Event: 2.954 GC heap after
Heap after GC invocations=3 (full 1):
 PSYoungGen      total 305664K, used 36652K [0x0000000740000000, 0x0000000765500000, 0x00000007c0000000)
  eden space 262144K, 0% used [0x0000000740000000,0x0000000740000000,0x0000000750000000)
  from space 43520K, 84% used [0x0000000752a80000,0x0000000754e4b160,0x0000000755500000)
  to   space 43520K, 0% used [0x0000000750000000,0x0000000750000000,0x0000000752a80000)
 ParOldGen       total 699392K, used 5587K [0x0000000640000000, 0x000000066ab00000, 0x0000000740000000)
  object space 699392K, 0% used [0x0000000640000000,0x0000000640574d20,0x000000066ab00000)
 Metaspace       used 18684K, capacity 18984K, committed 19200K, reserved 1067008K
  class space    used 2171K, capacity 2268K, committed 2304K, reserved 1048576K
}
Event: 3.725 GC heap before
{Heap before GC invocations=4 (full 1):
 PSYoungGen      total 305664K, used 242631K [0x0000000740000000, 0x0000000765500000, 0x00000007c0000000)
  eden space 262144K, 78% used [0x0000000740000000,0x000000074c926cb8,0x0000000750000000)
  from space 43520K, 84% used [0x0000000752a80000,0x0000000754e4b160,0x0000000755500000)
  to   space 43520K, 0% used [0x0000000750000000,0x0000000750000000,0x0000000752a80000)
 ParOldGen       total 699392K, used 5587K [0x0000000640000000, 0x000000066ab00000, 0x0000000740000000)
  object space 699392K, 0% used [0x0000000640000000,0x0000000640574d20,0x000000066ab00000)
 Metaspace       used 20821K, capacity 21172K, committed 21248K, reserved 1069056K
  class space    used 2411K, capacity 2554K, committed 2560K, reserved 1048576K
Event: 3.767 GC heap after
Heap after GC invocations=4 (full 1):
 PSYoungGen      total 305664K, used 41357K [0x0000000740000000, 0x0000000765500000, 0x00000007c0000000)
  eden space 262144K, 0% used [0x0000000740000000,0x0000000740000000,0x0000000750000000)
  from space 43520K, 95% used [0x0000000750000000,0x00000007528636a8,0x0000000752a80000)
  to   space 43520K, 0% used [0x0000000762a80000,0x0000000762a80000,0x0000000765500000)
 ParOldGen       total 699392K, used 5595K [0x0000000640000000, 0x000000066ab00000, 0x0000000740000000)
  object space 699392K, 0% used [0x0000000640000000,0x0000000640576d20,0x000000066ab00000)
 Metaspace       used 20821K, capacity 21172K, committed 21248K, reserved 1069056K
  class space    used 2411K, capacity 2554K, committed 2560K, reserved 1048576K
}
Event: 3.767 GC heap before
{Heap before GC invocations=5 (full 2):
 PSYoungGen      total 305664K, used 41357K [0x0000000740000000, 0x0000000765500000, 0x00000007c0000000)
  eden space 262144K, 0% used [0x0000000740000000,0x0000000740000000,0x0000000750000000)
  from space 43520K, 95% used [0x0000000750000000,0x00000007528636a8,0x0000000752a80000)
  to   space 43520K, 0% used [0x0000000762a80000,0x0000000762a80000,0x0000000765500000)
 ParOldGen       total 699392K, used 5595K [0x0000000640000000, 0x000000066ab00000, 0x0000000740000000)
  object space 699392K, 0% used [0x0000000640000000,0x0000000640576d20,0x000000066ab00000)
 Metaspace       used 20821K, capacity 21172K, committed 21248K, reserved 1069056K
  class space    used 2411K, capacity 2554K, committed 2560K, reserved 1048576K
Event: 3.868 GC heap after
Heap after GC invocations=5 (full 2):
 PSYoungGen      total 305664K, used 0K [0x0000000740000000, 0x0000000765500000, 0x00000007c0000000)
  eden space 262144K, 0% used [0x0000000740000000,0x0000000740000000,0x0000000750000000)
  from space 43520K, 0% used [0x0000000750000000,0x0000000750000000,0x0000000752a80000)
  to   space 43520K, 0% used [0x0000000762a80000,0x0000000762a80000,0x0000000765500000)
 ParOldGen       total 699392K, used 43274K [0x0000000640000000, 0x000000066ab00000, 0x0000000740000000)
  object space 699392K, 6% used [0x0000000640000000,0x0000000642a42b78,0x000000066ab00000)
 Metaspace       used 20821K, capacity 21172K, committed 21248K, reserved 1069056K
  class space    used 2411K, capacity 2554K, committed 2560K, reserved 1048576K
}
Event: 6.728 GC heap before
{Heap before GC invocations=6 (full 2):
 PSYoungGen      total 305664K, used 262144K [0x0000000740000000, 0x0000000765500000, 0x00000007c0000000)
  eden space 262144K, 100% used [0x0000000740000000,0x0000000750000000,0x0000000750000000)
  from space 43520K, 0% used [0x0000000750000000,0x0000000750000000,0x0000000752a80000)
  to   space 43520K, 0% used [0x0000000762a80000,0x0000000762a80000,0x0000000765500000)
 ParOldGen       total 699392K, used 43274K [0x0000000640000000, 0x000000066ab00000, 0x0000000740000000)
  object space 699392K, 6% used [0x0000000640000000,0x0000000642a42b78,0x000000066ab00000)
 Metaspace       used 23725K, capacity 24056K, committed 24192K, reserved 1071104K
  class space    used 2806K, capacity 2940K, committed 2944K, reserved 1048576K
Event: 6.744 GC heap after
Heap after GC invocations=6 (full 2):
 PSYoungGen      total 394240K, used 21489K [0x0000000740000000, 0x0000000763f80000, 0x00000007c0000000)
  eden space 372736K, 0% used [0x0000000740000000,0x0000000740000000,0x0000000756c00000)
  from space 21504K, 99% used [0x0000000762a80000,0x0000000763f7c508,0x0000000763f80000)
  to   space 43520K, 0% used [0x000000075ea80000,0x000000075ea80000,0x0000000761500000)
 ParOldGen       total 699392K, used 43282K [0x0000000640000000, 0x000000066ab00000, 0x0000000740000000)
  object space 699392K, 6% used [0x0000000640000000,0x0000000642a44b78,0x000000066ab00000)
 Metaspace       used 23725K, capacity 24056K, committed 24192K, reserved 1071104K
  class space    used 2806K, capacity 2940K, committed 2944K, reserved 1048576K
}
Event: 7.727 GC heap before
{Heap before GC invocations=7 (full 2):
 PSYoungGen      total 394240K, used 394225K [0x0000000740000000, 0x0000000763f80000, 0x00000007c0000000)
  eden space 372736K, 100% used [0x0000000740000000,0x0000000756c00000,0x0000000756c00000)
  from space 21504K, 99% used [0x0000000762a80000,0x0000000763f7c508,0x0000000763f80000)
  to   space 43520K, 0% used [0x000000075ea80000,0x000000075ea80000,0x0000000761500000)
 ParOldGen       total 699392K, used 43282K [0x0000000640000000, 0x000000066ab00000, 0x0000000740000000)
  object space 699392K, 6% used [0x0000000640000000,0x0000000642a44b78,0x000000066ab00000)
 Metaspace       used 26415K, capacity 26776K, committed 27136K, reserved 1073152K
  class space    used 3347K, capacity 3484K, committed 3584K, reserved 1048576K
Event: 7.751 GC heap after
Heap after GC invocations=7 (full 2):
 PSYoungGen      total 545792K, used 26768K [0x0000000740000000, 0x0000000765a00000, 0x00000007c0000000)
  eden space 502272K, 0% used [0x0000000740000000,0x0000000740000000,0x000000075ea80000)
  from space 43520K, 61% used [0x000000075ea80000,0x00000007604a42b8,0x0000000761500000)
  to   space 43520K, 0% used [0x0000000762f80000,0x0000000762f80000,0x0000000765a00000)
 ParOldGen       total 699392K, used 43290K [0x0000000640000000, 0x000000066ab00000, 0x0000000740000000)
  object space 699392K, 6% used [0x0000000640000000,0x0000000642a46b78,0x000000066ab00000)
 Metaspace       used 26415K, capacity 26776K, committed 27136K, reserved 1073152K
  class space    used 3347K, capacity 3484K, committed 3584K, reserved 1048576K
}

