# JRE version: OpenJDK Runtime Environment (Zulu 8.68.0.21-CA-macosx) (8.0_362-b09) (build 1.8.0_362-b09)
# Java VM: OpenJDK 64-Bit Server VM (25.362-b09 mixed mode bsd-amd64 compressed oops)
Heap:
 PSYoungGen      total 546304K, used 66626K [0x0000000740000000, 0x0000000765f80000, 0x00000007c0000000)
  eden space 502784K, 7% used [0x0000000740000000,0x0000000742680fc0,0x000000075eb00000)
  from space 43520K, 62% used [0x000000075eb00000,0x000000076058fb68,0x0000000761580000)
  to   space 43520K, 0% used [0x0000000763500000,0x0000000763500000,0x0000000765f80000)
 ParOldGen       total 699392K, used 42786K [0x0000000640000000, 0x000000066ab00000, 0x0000000740000000)
  object space 699392K, 6% used [0x0000000640000000,0x00000006429c88d0,0x000000066ab00000)
 Metaspace       used 27594K, capacity 27928K, committed 28288K, reserved 1073152K
  class space    used 3478K, capacity 3612K, committed 3712K, reserved 1048576K
GC Heap History (10 events):
Event: 1.725 GC heap before
{Heap before GC invocations=3 (full 1):
 PSYoungGen      total 305664K, used 262144K [0x0000000740000000, 0x0000000755500000, 0x00000007c0000000)
  eden space 262144K, 100% used [0x0000000740000000,0x0000000750000000,0x0000000750000000)
  from space 43520K, 0% used [0x0000000750000000,0x0000000750000000,0x0000000752a80000)
  to   space 43520K, 0% used [0x0000000752a80000,0x0000000752a80000,0x0000000755500000)
 ParOldGen       total 699392K, used 5579K [0x0000000640000000, 0x000000066ab00000, 0x0000000740000000)
  object space 699392K, 0% used [0x0000000640000000,0x0000000640572dd8,0x000000066ab00000)
 Metaspace       used 18714K, capacity 18984K, committed 19200K, reserved 1067008K
  class space    used 2170K, capacity 2268K, committed 2304K, reserved 1048576K
Event: 1.766 GC heap after
Heap after GC invocations=3 (full 1):
 PSYoungGen      total 305664K, used 37438K [0x0000000740000000, 0x0000000765500000, 0x00000007c0000000)
  eden space 262144K, 0% used [0x0000000740000000,0x0000000740000000,0x0000000750000000)
  from space 43520K, 86% used [0x0000000752a80000,0x0000000754f0f908,0x0000000755500000)
  to   space 43520K, 0% used [0x0000000750000000,0x0000000750000000,0x0000000752a80000)
 ParOldGen       total 699392K, used 5587K [0x0000000640000000, 0x000000066ab00000, 0x0000000740000000)
  object space 699392K, 0% used [0x0000000640000000,0x0000000640574dd8,0x000000066ab00000)
 Metaspace       used 18714K, capacity 18984K, committed 19200K, reserved 1067008K
  class space    used 2170K, capacity 2268K, committed 2304K, reserved 1048576K
}
Event: 2.297 GC heap before
{Heap before GC invocations=4 (full 1):
 PSYoungGen      total 305664K, used 235770K [0x0000000740000000, 0x0000000765500000, 0x00000007c0000000)
  eden space 262144K, 75% used [0x0000000740000000,0x000000074c1af178,0x0000000750000000)
  from space 43520K, 86% used [0x0000000752a80000,0x0000000754f0f908,0x0000000755500000)
  to   space 43520K, 0% used [0x0000000750000000,0x0000000750000000,0x0000000752a80000)
 ParOldGen       total 699392K, used 5587K [0x0000000640000000, 0x000000066ab00000, 0x0000000740000000)
  object space 699392K, 0% used [0x0000000640000000,0x0000000640574dd8,0x000000066ab00000)
 Metaspace       used 20825K, capacity 21172K, committed 21248K, reserved 1069056K
  class space    used 2410K, capacity 2554K, committed 2560K, reserved 1048576K
Event: 2.341 GC heap after
Heap after GC invocations=4 (full 1):
 PSYoungGen      total 305664K, used 40843K [0x0000000740000000, 0x0000000765500000, 0x00000007c0000000)
  eden space 262144K, 0% used [0x0000000740000000,0x0000000740000000,0x0000000750000000)
  from space 43520K, 93% used [0x0000000750000000,0x00000007527e2cc8,0x0000000752a80000)
  to   space 43520K, 0% used [0x0000000762a80000,0x0000000762a80000,0x0000000765500000)
 ParOldGen       total 699392K, used 5595K [0x0000000640000000, 0x000000066ab00000, 0x0000000740000000)
  object space 699392K, 0% used [0x0000000640000000,0x0000000640576dd8,0x000000066ab00000)
 Metaspace       used 20825K, capacity 21172K, committed 21248K, reserved 1069056K
  class space    used 2410K, capacity 2554K, committed 2560K, reserved 1048576K
}
Event: 2.341 GC heap before
{Heap before GC invocations=5 (full 2):
 PSYoungGen      total 305664K, used 40843K [0x0000000740000000, 0x0000000765500000, 0x00000007c0000000)
  eden space 262144K, 0% used [0x0000000740000000,0x0000000740000000,0x0000000750000000)
  from space 43520K, 93% used [0x0000000750000000,0x00000007527e2cc8,0x0000000752a80000)
  to   space 43520K, 0% used [0x0000000762a80000,0x0000000762a80000,0x0000000765500000)
 ParOldGen       total 699392K, used 5595K [0x0000000640000000, 0x000000066ab00000, 0x0000000740000000)
  object space 699392K, 0% used [0x0000000640000000,0x0000000640576dd8,0x000000066ab00000)
 Metaspace       used 20825K, capacity 21172K, committed 21248K, reserved 1069056K
  class space    used 2410K, capacity 2554K, committed 2560K, reserved 1048576K
Event: 2.433 GC heap after
Heap after GC invocations=5 (full 2):
 PSYoungGen      total 305664K, used 0K [0x0000000740000000, 0x0000000765500000, 0x00000007c0000000)
  eden space 262144K, 0% used [0x0000000740000000,0x0000000740000000,0x0000000750000000)
  from space 43520K, 0% used [0x0000000750000000,0x0000000750000000,0x0000000752a80000)
  to   space 43520K, 0% used [0x0000000762a80000,0x0000000762a80000,0x0000000765500000)
 ParOldGen       total 699392K, used 42770K [0x0000000640000000, 0x000000066ab00000, 0x0000000740000000)
  object space 699392K, 6% used [0x0000000640000000,0x00000006429c48d0,0x000000066ab00000)
 Metaspace       used 20825K, capacity 21172K, committed 21248K, reserved 1069056K
  class space    used 2410K, capacity 2554K, committed 2560K, reserved 1048576K
}
Event: 5.321 GC heap before
{Heap before GC invocations=6 (full 2):
 PSYoungGen      total 305664K, used 262144K [0x0000000740000000, 0x0000000765500000, 0x00000007c0000000)
  eden space 262144K, 100% used [0x0000000740000000,0x0000000750000000,0x0000000750000000)
  from space 43520K, 0% used [0x0000000750000000,0x0000000750000000,0x0000000752a80000)
  to   space 43520K, 0% used [0x0000000762a80000,0x0000000762a80000,0x0000000765500000)
 ParOldGen       total 699392K, used 42770K [0x0000000640000000, 0x000000066ab00000, 0x0000000740000000)
  object space 699392K, 6% used [0x0000000640000000,0x00000006429c48d0,0x000000066ab00000)
 Metaspace       used 23738K, capacity 24056K, committed 24192K, reserved 1071104K
  class space    used 2805K, capacity 2940K, committed 2944K, reserved 1048576K
Event: 5.333 GC heap after
Heap after GC invocations=6 (full 2):
 PSYoungGen      total 399872K, used 21817K [0x0000000740000000, 0x0000000764000000, 0x00000007c0000000)
  eden space 377856K, 0% used [0x0000000740000000,0x0000000740000000,0x0000000757100000)
  from space 22016K, 99% used [0x0000000762a80000,0x0000000763fce598,0x0000000764000000)
  to   space 43520K, 0% used [0x000000075eb00000,0x000000075eb00000,0x0000000761580000)
 ParOldGen       total 699392K, used 42778K [0x0000000640000000, 0x000000066ab00000, 0x0000000740000000)
  object space 699392K, 6% used [0x0000000640000000,0x00000006429c68d0,0x000000066ab00000)
 Metaspace       used 23738K, capacity 24056K, committed 24192K, reserved 1071104K
  class space    used 2805K, capacity 2940K, committed 2944K, reserved 1048576K
}
Event: 6.022 GC heap before
{Heap before GC invocations=7 (full 2):
 PSYoungGen      total 399872K, used 399673K [0x0000000740000000, 0x0000000764000000, 0x00000007c0000000)
  eden space 377856K, 100% used [0x0000000740000000,0x0000000757100000,0x0000000757100000)
  from space 22016K, 99% used [0x0000000762a80000,0x0000000763fce598,0x0000000764000000)
  to   space 43520K, 0% used [0x000000075eb00000,0x000000075eb00000,0x0000000761580000)
 ParOldGen       total 699392K, used 42778K [0x0000000640000000, 0x000000066ab00000, 0x0000000740000000)
  object space 699392K, 6% used [0x0000000640000000,0x00000006429c68d0,0x000000066ab00000)
 Metaspace       used 26512K, capacity 26904K, committed 27136K, reserved 1073152K
  class space    used 3357K, capacity 3484K, committed 3584K, reserved 1048576K
Event: 6.038 GC heap after
Heap after GC invocations=7 (full 2):
 PSYoungGen      total 546304K, used 27198K [0x0000000740000000, 0x0000000765f80000, 0x00000007c0000000)
  eden space 502784K, 0% used [0x0000000740000000,0x0000000740000000,0x000000075eb00000)
  from space 43520K, 62% used [0x000000075eb00000,0x000000076058fb68,0x0000000761580000)
  to   space 43520K, 0% used [0x0000000763500000,0x0000000763500000,0x0000000765f80000)
 ParOldGen       total 699392K, used 42786K [0x0000000640000000, 0x000000066ab00000, 0x0000000740000000)
  object space 699392K, 6% used [0x0000000640000000,0x00000006429c88d0,0x000000066ab00000)
 Metaspace       used 26512K, capacity 26904K, committed 27136K, reserved 1073152K
  class space    used 3357K, capacity 3484K, committed 3584K, reserved 1048576K
}

